0 silly argv { _: [ 'add' ],
0 silly argv   scope: '@lartplus/test',
0 silly argv   globs: [],
0 silly argv   lernaVersion: '3.20.2',
0 silly argv   '$0': '/usr/local/bin/lerna',
0 silly argv   pkg: '@lartplus/cli' }
1 notice cli v3.20.2
2 verbose rootPath /Users/hao/Desktop/gitProject/hAo-cli
3 notice filter including "@lartplus/test"
4 info filter [ '@lartplus/test' ]
5 error TypeError: Cannot read property 'split' of undefined
5 error     at Minimatch.match (/Users/hao/Desktop/gitProject/hAo-cli/node_modules/minimatch/minimatch.js:717:9)
5 error     at /Users/hao/Desktop/gitProject/hAo-cli/node_modules/minimatch/minimatch.js:691:15
5 error     at Array.filter (<anonymous>)
5 error     at Function.minimatch.match (/Users/hao/Desktop/gitProject/hAo-cli/node_modules/minimatch/minimatch.js:690:15)
5 error     at patterns.reduce (/Users/hao/Desktop/gitProject/hAo-cli/node_modules/multimatch/index.js:23:33)
5 error     at Array.reduce (<anonymous>)
5 error     at module.exports (/Users/hao/Desktop/gitProject/hAo-cli/node_modules/multimatch/index.js:15:18)
5 error     at filterPackages (/Users/hao/Desktop/gitProject/hAo-cli/node_modules/@lerna/filter-packages/filter-packages.js:45:28)
5 error     at chain.then (/Users/hao/Desktop/gitProject/hAo-cli/node_modules/@lerna/filter-options/lib/get-filtered-packages.js:39:5)
